Using pre-set license
Built from '2020.3/release' branch; Version is '2020.3.2f1 (8fd9074bf66c) revision 9427207'; Using compiler version '192528614'; Build Type 'Release'
OS: 'Windows 10 Home; OS build 18363.1440; Version 1909; 64bit' Language: 'en' Physical Memory: 32728 MB
BatchMode: 1, IsHumanControllingUs: 0, StartBugReporterOnCrash: 0, Is64bit: 1, IsPro: 0

 COMMAND LINE ARGUMENTS:
A:\Ignore Backup\Applications\Unity\Hub\Editor\2020.3.2f1\Editor\Unity.exe
-adb2
-batchMode
-noUpm
-name
AssetImportWorker0
-projectPath
C:/Users/Shawn/Desktop/My stuff/Game Development/Lethargent
-logFile
Logs/AssetImportWorker0.log
-srvPort
54559
Successfully changed project path to: C:/Users/Shawn/Desktop/My stuff/Game Development/Lethargent
C:/Users/Shawn/Desktop/My stuff/Game Development/Lethargent
Using Asset Import Pipeline V2.
Refreshing native plugins compatible for Editor in 115.81 ms, found 2 plugins.
Preloading 0 native plugins for Editor in 0.00 ms.
Initialize engine version: 2020.3.2f1 (8fd9074bf66c)
[Subsystems] Discovering subsystems at path A:/Ignore Backup/Applications/Unity/Hub/Editor/2020.3.2f1/Editor/Data/Resources/UnitySubsystems
[Subsystems] Discovering subsystems at path C:/Users/Shawn/Desktop/My stuff/Game Development/Lethargent/Assets
GfxDevice: creating device client; threaded=0
Direct3D:
    Version:  Direct3D 11.0 [level 11.1]
    Renderer: NVIDIA GeForce GTX 1070 (ID=0x1b81)
    Vendor:   
    VRAM:     8088 MB
    Driver:   27.21.14.6172
Shader 'Universal Render Pipeline/Particles/Lit': fallback shader 'Universal Render Pipeline/Particles/SimpleLit' not found
Initialize mono
Mono path[0] = 'A:/Ignore Backup/Applications/Unity/Hub/Editor/2020.3.2f1/Editor/Data/Managed'
Mono path[1] = 'A:/Ignore Backup/Applications/Unity/Hub/Editor/2020.3.2f1/Editor/Data/MonoBleedingEdge/lib/mono/unityjit'
Mono config path = 'A:/Ignore Backup/Applications/Unity/Hub/Editor/2020.3.2f1/Editor/Data/MonoBleedingEdge/etc'
Using monoOptions --debugger-agent=transport=dt_socket,embedding=1,server=y,suspend=n,address=127.0.0.1:56820
Begin MonoManager ReloadAssembly
Registering precompiled unity dll's ...
Register platform support module: A:/Ignore Backup/Applications/Unity/Hub/Editor/2020.3.2f1/Editor/Data/PlaybackEngines/MacStandaloneSupport/UnityEditor.OSXStandalone.Extensions.dll
Register platform support module: A:/Ignore Backup/Applications/Unity/Hub/Editor/2020.3.2f1/Editor/Data/PlaybackEngines/WindowsStandaloneSupport/UnityEditor.WindowsStandalone.Extensions.dll
Registered in 0.001336 seconds.
Native extension for WindowsStandalone target not found
Native extension for OSXStandalone target not found
Refreshing native plugins compatible for Editor in 107.86 ms, found 2 plugins.
Preloading 0 native plugins for Editor in 0.00 ms.
Invoked RoslynAnalysisRunner static constructor.
RoslynAnalysisRunner will not be running.
RoslynAnalysisRunner has terminated.
Mono: successfully reloaded assembly
- Completed reload, in  1.300 seconds
Platform modules already initialized, skipping
Registering precompiled user dll's ...
Registered in 0.006315 seconds.
Begin MonoManager ReloadAssembly
Native extension for WindowsStandalone target not found
Native extension for OSXStandalone target not found
Refreshing native plugins compatible for Editor in 105.97 ms, found 2 plugins.
Preloading 0 native plugins for Editor in 0.00 ms.
Invoked RoslynAnalysisRunner static constructor.
RoslynAnalysisRunner will not be running.
RoslynAnalysisRunner has terminated.
Mono: successfully reloaded assembly
- Completed reload, in  1.245 seconds
Platform modules already initialized, skipping
========================================================================
Worker process is ready to serve import requests
Shader 'Universal Render Pipeline/Particles/Lit': fallback shader 'Universal Render Pipeline/Particles/SimpleLit' not found
Launched and connected shader compiler UnityShaderCompiler.exe after 0.08 seconds
Refreshing native plugins compatible for Editor in 1.15 ms, found 2 plugins.
Preloading 0 native plugins for Editor in 0.00 ms.
Unloading 3268 Unused Serialized files (Serialized files now loaded: 0)
System memory in use before: 145.4 MB.
System memory in use after: 145.6 MB.

Unloading 42 unused Assets to reduce memory usage. Loaded Objects now: 3696.
Total: 3.958200 ms (FindLiveObjects: 0.574800 ms CreateObjectMapping: 0.422900 ms MarkObjects: 2.841000 ms  DeleteObjects: 0.118300 ms)

========================================================================
Received Import Request.
  path: Assets/Art/Models/Character_Models/character_textures/Janitor_low.png
  artifactKey: Guid(0de5ba8043ae5d64d97c391f3dbbce7f) Importer(815301076,1909f56bfc062723c751e8b465ee728b)
Start importing Assets/Art/Models/Character_Models/character_textures/Janitor_low.png using Guid(0de5ba8043ae5d64d97c391f3dbbce7f) Importer(815301076,1909f56bfc062723c751e8b465ee728b)  -> (artifact id: '7cc293d8bbbd1e3697af4565567eb39b') in 0.163294 seconds
  Import took 0.168590 seconds .

========================================================================
Received Import Request.
  Time since last request: 0.000172 seconds.
  path: Assets/Art/Models/Character_Models/character_textures/matthew_tex3.png
  artifactKey: Guid(f662e1b4c8e663e4fbdb38cbd91d64de) Importer(815301076,1909f56bfc062723c751e8b465ee728b)
Start importing Assets/Art/Models/Character_Models/character_textures/matthew_tex3.png using Guid(f662e1b4c8e663e4fbdb38cbd91d64de) Importer(815301076,1909f56bfc062723c751e8b465ee728b)  -> (artifact id: '69fee0f6cd301e560f2709d8ab640a67') in 0.025481 seconds
  Import took 0.030145 seconds .

========================================================================
Received Import Request.
  Time since last request: 0.000159 seconds.
  path: Assets/Art/Models/Character_Models/character_textures/jingyi_tex.jpg
  artifactKey: Guid(790dd1a3bed1a6344b816a3452e17aae) Importer(815301076,1909f56bfc062723c751e8b465ee728b)
Start importing Assets/Art/Models/Character_Models/character_textures/jingyi_tex.jpg using Guid(790dd1a3bed1a6344b816a3452e17aae) Importer(815301076,1909f56bfc062723c751e8b465ee728b)  -> (artifact id: 'eec4af940865fb8c834969e05266f020') in 0.028030 seconds
  Import took 0.034276 seconds .

========================================================================
Received Import Request.
  Time since last request: 0.000153 seconds.
  path: Assets/Art/Models/Character_Models/character_textures/mainCharacter_tex_NOFILTER.jpg
  artifactKey: Guid(880ec5721b3634e4dbf14132cd894be1) Importer(815301076,1909f56bfc062723c751e8b465ee728b)
Start importing Assets/Art/Models/Character_Models/character_textures/mainCharacter_tex_NOFILTER.jpg using Guid(880ec5721b3634e4dbf14132cd894be1) Importer(815301076,1909f56bfc062723c751e8b465ee728b)  -> (artifact id: 'd0aaf83669d0b22d520350ee90cbbf1a') in 0.024316 seconds
  Import took 0.030273 seconds .

========================================================================
Received Import Request.
  Time since last request: 0.000134 seconds.
  path: Assets/Art/Models/Character_Models/character_textures/Janitor_high.png
  artifactKey: Guid(2459b6b01b29dd94aae6e444e712e4d3) Importer(815301076,1909f56bfc062723c751e8b465ee728b)
Start importing Assets/Art/Models/Character_Models/character_textures/Janitor_high.png using Guid(2459b6b01b29dd94aae6e444e712e4d3) Importer(815301076,1909f56bfc062723c751e8b465ee728b)  -> (artifact id: '45019d17108f6b5c783300826d27d7be') in 0.143914 seconds
  Import took 0.148677 seconds .

========================================================================
Received Import Request.
  Time since last request: 0.000141 seconds.
  path: Assets/Art/Models/Character_Models/character_textures/matthew_tex2.png
  artifactKey: Guid(550b999871e3a614c815c9a067c3118e) Importer(815301076,1909f56bfc062723c751e8b465ee728b)
Start importing Assets/Art/Models/Character_Models/character_textures/matthew_tex2.png using Guid(550b999871e3a614c815c9a067c3118e) Importer(815301076,1909f56bfc062723c751e8b465ee728b)  -> (artifact id: '4036d4b46dec7bd9e6c9eaa40535aca8') in 0.046599 seconds
  Import took 0.052368 seconds .

========================================================================
Received Import Request.
  Time since last request: 0.000142 seconds.
  path: Assets/Art/Models/Character_Models/character_textures/matthew_tex.jpg
  artifactKey: Guid(bff1711e6a8dcd0478521c22385d6dfe) Importer(815301076,1909f56bfc062723c751e8b465ee728b)
Start importing Assets/Art/Models/Character_Models/character_textures/matthew_tex.jpg using Guid(bff1711e6a8dcd0478521c22385d6dfe) Importer(815301076,1909f56bfc062723c751e8b465ee728b)  -> (artifact id: 'd9fbd07c1225ef58c6360fe6435d6862') in 0.027394 seconds
  Import took 0.033014 seconds .

========================================================================
Received Import Request.
  Time since last request: 0.000054 seconds.
  path: Assets/Art/Models/Character_Models/character_textures/matthew_tex_tie.psd
  artifactKey: Guid(9d9d2d4553f43ab47aebe7a1cd85a996) Importer(815301076,1909f56bfc062723c751e8b465ee728b)
Start importing Assets/Art/Models/Character_Models/character_textures/matthew_tex_tie.psd using Guid(9d9d2d4553f43ab47aebe7a1cd85a996) Importer(815301076,1909f56bfc062723c751e8b465ee728b)  -> (artifact id: '91f62318b21059b0e4e3d263c43ab5eb') in 0.044332 seconds
  Import took 0.051265 seconds .

========================================================================
Received Import Request.
  Time since last request: 0.000140 seconds.
  path: Assets/Art/Models/Character_Models/character_textures/boss_tex.jpg
  artifactKey: Guid(b8721b140219f7345a44bca77cf635fd) Importer(815301076,1909f56bfc062723c751e8b465ee728b)
Start importing Assets/Art/Models/Character_Models/character_textures/boss_tex.jpg using Guid(b8721b140219f7345a44bca77cf635fd) Importer(815301076,1909f56bfc062723c751e8b465ee728b)  -> (artifact id: 'bb85db6e2190a6afcaacf083aabaae8c') in 0.051817 seconds
  Import took 0.056238 seconds .

========================================================================
Received Import Request.
  Time since last request: 812.589853 seconds.
  path: Assets/Art/Shaders/PSX/UniversalRenderPipelineAsset.asset
  artifactKey: Guid(82d50e16a695c214d8025c47c33a0d1f) Importer(815301076,1909f56bfc062723c751e8b465ee728b)
Start importing Assets/Art/Shaders/PSX/UniversalRenderPipelineAsset.asset using Guid(82d50e16a695c214d8025c47c33a0d1f) Importer(815301076,1909f56bfc062723c751e8b465ee728b)  -> (artifact id: 'cc8a7a35960fada3924bd79a91460ea6') in 0.823467 seconds
  Import took 0.829067 seconds .

========================================================================
Received Import Request.
  Time since last request: 0.000230 seconds.
  path: Assets/Art/Shaders/PSX/VolumeProfile.asset
  artifactKey: Guid(7bbe35cdf5d69e14abbb03eccedaa5bd) Importer(815301076,1909f56bfc062723c751e8b465ee728b)
Start importing Assets/Art/Shaders/PSX/VolumeProfile.asset using Guid(7bbe35cdf5d69e14abbb03eccedaa5bd) Importer(815301076,1909f56bfc062723c751e8b465ee728b)  -> (artifact id: '2e58f75b65467efbce81f647ceadb98e') in 0.023772 seconds
  Import took 0.030638 seconds .

========================================================================
Received Import Request.
  Time since last request: 0.000202 seconds.
  path: Assets/Art/Shaders/PSX/UniversalRenderPipelineAsset_Renderer.asset
  artifactKey: Guid(5bc392ef1f4545742b089dfb8e6d5608) Importer(815301076,1909f56bfc062723c751e8b465ee728b)
Start importing Assets/Art/Shaders/PSX/UniversalRenderPipelineAsset_Renderer.asset using Guid(5bc392ef1f4545742b089dfb8e6d5608) Importer(815301076,1909f56bfc062723c751e8b465ee728b)  -> (artifact id: '733e2ae15c5bcb662fd02697b0e75645') in 0.024082 seconds
  Import took 0.028600 seconds .

========================================================================
Received Import Request.
  Time since last request: 14.852916 seconds.
  path: Assets/Art/Shaders/PSX/Shaders
  artifactKey: Guid(3e7aca79348652544a47a086a60f34b1) Importer(815301076,1909f56bfc062723c751e8b465ee728b)
Start importing Assets/Art/Shaders/PSX/Shaders using Guid(3e7aca79348652544a47a086a60f34b1) Importer(815301076,1909f56bfc062723c751e8b465ee728b)  -> (artifact id: 'c7d988e67e792815051b68974f4e3e46') in 0.008486 seconds
  Import took 0.013248 seconds .

========================================================================
Received Import Request.
  Time since last request: 0.013296 seconds.
  path: Assets/Art/Shaders/PSX/Shaders
  artifactKey: Guid(3e7aca79348652544a47a086a60f34b1) Importer(815301076,1909f56bfc062723c751e8b465ee728b)
Start importing Assets/Art/Shaders/PSX/Shaders using Guid(3e7aca79348652544a47a086a60f34b1) Importer(815301076,1909f56bfc062723c751e8b465ee728b)  -> (artifact id: 'c7d988e67e792815051b68974f4e3e46') in 0.006476 seconds
  Import took 0.011285 seconds .

========================================================================
Received Import Request.
  Time since last request: 3.929765 seconds.
  path: Assets/Art/Models/Buildings/Bunkhouse.blend
  artifactKey: Guid(f486d86ead6b84d45a852479a9edd0f3) Importer(815301076,1909f56bfc062723c751e8b465ee728b)
Start importing Assets/Art/Models/Buildings/Bunkhouse.blend using Guid(f486d86ead6b84d45a852479a9edd0f3) Importer(815301076,1909f56bfc062723c751e8b465ee728b)  -> (artifact id: 'b5c1ba92b895de79ab3cc342136765eb') in 1.389516 seconds
  Import took 1.394495 seconds .

========================================================================
Received Import Request.
  Time since last request: 0.000131 seconds.
  path: Assets/Art/Models/Buildings/Bunkhouse.fbx
  artifactKey: Guid(fbe48913ade70ac48a92b97d8e001764) Importer(815301076,1909f56bfc062723c751e8b465ee728b)
Start importing Assets/Art/Models/Buildings/Bunkhouse.fbx using Guid(fbe48913ade70ac48a92b97d8e001764) Importer(815301076,1909f56bfc062723c751e8b465ee728b)  -> (artifact id: '782cd8669b0267c478a478dfa747d0b9') in 0.093362 seconds
  Import took 0.098321 seconds .

========================================================================
Received Import Request.
  Time since last request: 0.000159 seconds.
  path: Assets/Art/Models/Buildings/OfficeBuilding.fbx
  artifactKey: Guid(a794875e937055841b639794a4173dbb) Importer(815301076,1909f56bfc062723c751e8b465ee728b)
Start importing Assets/Art/Models/Buildings/OfficeBuilding.fbx using Guid(a794875e937055841b639794a4173dbb) Importer(815301076,1909f56bfc062723c751e8b465ee728b)  -> (artifact id: 'ddb01b7f29cbfe80bf29d3f50aa9da5a') in 0.077091 seconds
  Import took 0.083269 seconds .

========================================================================
Received Import Request.
  Time since last request: 0.000152 seconds.
  path: Assets/Art/Models/Buildings/Bunkhouse.fbx
  artifactKey: Guid(fbe48913ade70ac48a92b97d8e001764) Importer(815301076,1909f56bfc062723c751e8b465ee728b)
Start importing Assets/Art/Models/Buildings/Bunkhouse.fbx using Guid(fbe48913ade70ac48a92b97d8e001764) Importer(815301076,1909f56bfc062723c751e8b465ee728b)  -> (artifact id: '782cd8669b0267c478a478dfa747d0b9') in 0.366032 seconds
  Import took 0.374354 seconds .

========================================================================
Received Import Request.
  Time since last request: 0.000146 seconds.
  path: Assets/Art/Models/Buildings/Office.fbx
  artifactKey: Guid(c30ab50a2f24c7545a823826e46d832b) Importer(815301076,1909f56bfc062723c751e8b465ee728b)
Start importing Assets/Art/Models/Buildings/Office.fbx using Guid(c30ab50a2f24c7545a823826e46d832b) Importer(815301076,1909f56bfc062723c751e8b465ee728b)  -> (artifact id: '3980532d0a668bc62084a1d05538f70a') in 0.154123 seconds
  Import took 0.158953 seconds .

========================================================================
Received Import Request.
  Time since last request: 0.000318 seconds.
  path: Assets/Art/Models/Buildings/Subway.blend
  artifactKey: Guid(417d0820a8db4984bbae8294d469d843) Importer(815301076,1909f56bfc062723c751e8b465ee728b)
Start importing Assets/Art/Models/Buildings/Subway.blend using Guid(417d0820a8db4984bbae8294d469d843) Importer(815301076,1909f56bfc062723c751e8b465ee728b)  -> (artifact id: '70144dca94a256725ba34acd6adf15b5') in 0.185668 seconds
  Import took 0.191128 seconds .

========================================================================
Received Import Request.
  Time since last request: 0.000153 seconds.
  path: Assets/Art/Models/Buildings/Office.fbx
  artifactKey: Guid(c30ab50a2f24c7545a823826e46d832b) Importer(815301076,1909f56bfc062723c751e8b465ee728b)
Start importing Assets/Art/Models/Buildings/Office.fbx using Guid(c30ab50a2f24c7545a823826e46d832b) Importer(815301076,1909f56bfc062723c751e8b465ee728b)  -> (artifact id: '3980532d0a668bc62084a1d05538f70a') in 0.089354 seconds
  Import took 0.094659 seconds .

========================================================================
Received Import Request.
  Time since last request: 0.000132 seconds.
  path: Assets/Art/Models/Buildings/Subway.blend
  artifactKey: Guid(417d0820a8db4984bbae8294d469d843) Importer(815301076,1909f56bfc062723c751e8b465ee728b)
Start importing Assets/Art/Models/Buildings/Subway.blend using Guid(417d0820a8db4984bbae8294d469d843) Importer(815301076,1909f56bfc062723c751e8b465ee728b)  -> (artifact id: '70144dca94a256725ba34acd6adf15b5') in 0.202727 seconds
  Import took 0.208593 seconds .

========================================================================
Received Import Request.
  Time since last request: 155.011320 seconds.
  path: Assets/Art/Shaders/PSX/Shaders/Pixelation.shader
  artifactKey: Guid(6cc37f589a3171847bd1dc6f9224ccf3) Importer(815301076,1909f56bfc062723c751e8b465ee728b)
Start importing Assets/Art/Shaders/PSX/Shaders/Pixelation.shader using Guid(6cc37f589a3171847bd1dc6f9224ccf3) Importer(815301076,1909f56bfc062723c751e8b465ee728b)  -> (artifact id: '9fcbe52099f373752db62695e1a37269') in 0.014641 seconds
  Import took 0.019257 seconds .

========================================================================
Received Import Request.
  Time since last request: 0.049863 seconds.
  path: Assets/Art/Shaders/PSX/Shaders/Pixelation.shader
  artifactKey: Guid(6cc37f589a3171847bd1dc6f9224ccf3) Importer(815301076,1909f56bfc062723c751e8b465ee728b)
Start importing Assets/Art/Shaders/PSX/Shaders/Pixelation.shader using Guid(6cc37f589a3171847bd1dc6f9224ccf3) Importer(815301076,1909f56bfc062723c751e8b465ee728b)  -> (artifact id: '9fcbe52099f373752db62695e1a37269') in 0.006055 seconds
  Import took 0.011278 seconds .

========================================================================
Received Import Request.
  Time since last request: 2.137051 seconds.
  path: Assets/Art/Shaders/PSX/Shaders/Dithering.shader
  artifactKey: Guid(0b3fbf35a693e2e42a255895e5be9dbd) Importer(815301076,1909f56bfc062723c751e8b465ee728b)
Start importing Assets/Art/Shaders/PSX/Shaders/Dithering.shader using Guid(0b3fbf35a693e2e42a255895e5be9dbd) Importer(815301076,1909f56bfc062723c751e8b465ee728b)  -> (artifact id: '493b33b5ccb7cbd950cc29472c2733dc') in 0.017649 seconds
  Import took 0.022665 seconds .

========================================================================
Received Import Request.
  Time since last request: 0.000512 seconds.
  path: Assets/Art/Shaders/PSX/Shaders/Dithering.shader
  artifactKey: Guid(0b3fbf35a693e2e42a255895e5be9dbd) Importer(815301076,1909f56bfc062723c751e8b465ee728b)
Start importing Assets/Art/Shaders/PSX/Shaders/Dithering.shader using Guid(0b3fbf35a693e2e42a255895e5be9dbd) Importer(815301076,1909f56bfc062723c751e8b465ee728b)  -> (artifact id: '493b33b5ccb7cbd950cc29472c2733dc') in 0.005977 seconds
  Import took 0.011382 seconds .

========================================================================
Received Prepare
Registering precompiled user dll's ...
Registered in 0.007308 seconds.
Begin MonoManager ReloadAssembly
Native extension for WindowsStandalone target not found
Native extension for OSXStandalone target not found
Refreshing native plugins compatible for Editor in 0.72 ms, found 2 plugins.
Preloading 0 native plugins for Editor in 0.00 ms.
Invoked RoslynAnalysisRunner static constructor.
RoslynAnalysisRunner will not be running.
RoslynAnalysisRunner has terminated.
Shader not found.
UnityEngine.StackTraceUtility:ExtractStackTrace ()
UnityEngine.DebugLogHandler:LogFormat (UnityEngine.LogType,UnityEngine.Object,string,object[])
UnityEngine.Logger:Log (UnityEngine.LogType,object)
UnityEngine.Debug:LogError (object)
PSX.PixelationPass:.ctor (UnityEngine.Rendering.Universal.RenderPassEvent) (at Assets/Art/Shaders/PSX/Scripts/Pixelation/PixelationRenderFeature.cs:48)
PSX.PixelationRenderFeature:Create () (at Assets/Art/Shaders/PSX/Scripts/Pixelation/PixelationRenderFeature.cs:13)
UnityEngine.Rendering.Universal.ScriptableRendererFeature:OnValidate () (at Library/PackageCache/com.unity.render-pipelines.universal@10.4.0/Runtime/ScriptableRendererFeature.cs:39)

(Filename: Assets/Art/Shaders/PSX/Scripts/Pixelation/PixelationRenderFeature.cs Line: 48)

Shader not found.
UnityEngine.StackTraceUtility:ExtractStackTrace ()
UnityEngine.DebugLogHandler:LogFormat (UnityEngine.LogType,UnityEngine.Object,string,object[])
UnityEngine.Logger:Log (UnityEngine.LogType,object)
UnityEngine.Debug:LogError (object)
PSX.PixelationPass:.ctor (UnityEngine.Rendering.Universal.RenderPassEvent) (at Assets/Art/Shaders/PSX/Scripts/Pixelation/PixelationRenderFeature.cs:48)
PSX.PixelationRenderFeature:Create () (at Assets/Art/Shaders/PSX/Scripts/Pixelation/PixelationRenderFeature.cs:13)
UnityEngine.Rendering.Universal.ScriptableRendererFeature:OnEnable () (at Library/PackageCache/com.unity.render-pipelines.universal@10.4.0/Runtime/ScriptableRendererFeature.cs:34)

(Filename: Assets/Art/Shaders/PSX/Scripts/Pixelation/PixelationRenderFeature.cs Line: 48)

Mono: successfully reloaded assembly
- Completed reload, in  1.052 seconds
Platform modules already initialized, skipping
Shader 'Universal Render Pipeline/Particles/Lit': fallback shader 'Universal Render Pipeline/Particles/SimpleLit' not found
Refreshing native plugins compatible for Editor in 0.72 ms, found 2 plugins.
Preloading 0 native plugins for Editor in 0.00 ms.
Unloading 3140 Unused Serialized files (Serialized files now loaded: 0)
System memory in use before: 143.0 MB.
System memory in use after: 143.2 MB.

Unloading 32 unused Assets to reduce memory usage. Loaded Objects now: 3806.
Total: 4.808300 ms (FindLiveObjects: 1.074000 ms CreateObjectMapping: 0.496500 ms MarkObjects: 3.206200 ms  DeleteObjects: 0.030700 ms)

========================================================================
Received Prepare
Registering precompiled user dll's ...
Registered in 0.007304 seconds.
Begin MonoManager ReloadAssembly
Native extension for WindowsStandalone target not found
Native extension for OSXStandalone target not found
Refreshing native plugins compatible for Editor in 0.70 ms, found 2 plugins.
Preloading 0 native plugins for Editor in 0.00 ms.
Invoked RoslynAnalysisRunner static constructor.
RoslynAnalysisRunner will not be running.
RoslynAnalysisRunner has terminated.
Shader not found.
UnityEngine.StackTraceUtility:ExtractStackTrace ()
UnityEngine.DebugLogHandler:LogFormat (UnityEngine.LogType,UnityEngine.Object,string,object[])
UnityEngine.Logger:Log (UnityEngine.LogType,object)
UnityEngine.Debug:LogError (object)
PSX.DitheringPass:.ctor (UnityEngine.Rendering.Universal.RenderPassEvent) (at Assets/Art/Shaders/PSX/Scripts/Dithering/DitheringRenderFeature.cs:48)
PSX.DitheringRenderFeature:Create () (at Assets/Art/Shaders/PSX/Scripts/Dithering/DitheringRenderFeature.cs:13)
UnityEngine.Rendering.Universal.ScriptableRendererFeature:OnValidate () (at Library/PackageCache/com.unity.render-pipelines.universal@10.4.0/Runtime/ScriptableRendererFeature.cs:39)

(Filename: Assets/Art/Shaders/PSX/Scripts/Dithering/DitheringRenderFeature.cs Line: 48)

Shader not found.
UnityEngine.StackTraceUtility:ExtractStackTrace ()
UnityEngine.DebugLogHandler:LogFormat (UnityEngine.LogType,UnityEngine.Object,string,object[])
UnityEngine.Logger:Log (UnityEngine.LogType,object)
UnityEngine.Debug:LogError (object)
PSX.DitheringPass:.ctor (UnityEngine.Rendering.Universal.RenderPassEvent) (at Assets/Art/Shaders/PSX/Scripts/Dithering/DitheringRenderFeature.cs:48)
PSX.DitheringRenderFeature:Create () (at Assets/Art/Shaders/PSX/Scripts/Dithering/DitheringRenderFeature.cs:13)
UnityEngine.Rendering.Universal.ScriptableRendererFeature:OnEnable () (at Library/PackageCache/com.unity.render-pipelines.universal@10.4.0/Runtime/ScriptableRendererFeature.cs:34)

(Filename: Assets/Art/Shaders/PSX/Scripts/Dithering/DitheringRenderFeature.cs Line: 48)

Shader not found.
UnityEngine.StackTraceUtility:ExtractStackTrace ()
UnityEngine.DebugLogHandler:LogFormat (UnityEngine.LogType,UnityEngine.Object,string,object[])
UnityEngine.Logger:Log (UnityEngine.LogType,object)
UnityEngine.Debug:LogError (object)
PSX.PixelationPass:.ctor (UnityEngine.Rendering.Universal.RenderPassEvent) (at Assets/Art/Shaders/PSX/Scripts/Pixelation/PixelationRenderFeature.cs:48)
PSX.PixelationRenderFeature:Create () (at Assets/Art/Shaders/PSX/Scripts/Pixelation/PixelationRenderFeature.cs:13)
UnityEngine.Rendering.Universal.ScriptableRendererFeature:OnValidate () (at Library/PackageCache/com.unity.render-pipelines.universal@10.4.0/Runtime/ScriptableRendererFeature.cs:39)

(Filename: Assets/Art/Shaders/PSX/Scripts/Pixelation/PixelationRenderFeature.cs Line: 48)

Shader not found.
UnityEngine.StackTraceUtility:ExtractStackTrace ()
UnityEngine.DebugLogHandler:LogFormat (UnityEngine.LogType,UnityEngine.Object,string,object[])
UnityEngine.Logger:Log (UnityEngine.LogType,object)
UnityEngine.Debug:LogError (object)
PSX.PixelationPass:.ctor (UnityEngine.Rendering.Universal.RenderPassEvent) (at Assets/Art/Shaders/PSX/Scripts/Pixelation/PixelationRenderFeature.cs:48)
PSX.PixelationRenderFeature:Create () (at Assets/Art/Shaders/PSX/Scripts/Pixelation/PixelationRenderFeature.cs:13)
UnityEngine.Rendering.Universal.ScriptableRendererFeature:OnEnable () (at Library/PackageCache/com.unity.render-pipelines.universal@10.4.0/Runtime/ScriptableRendererFeature.cs:34)

(Filename: Assets/Art/Shaders/PSX/Scripts/Pixelation/PixelationRenderFeature.cs Line: 48)

Mono: successfully reloaded assembly
- Completed reload, in  0.974 seconds
Platform modules already initialized, skipping
Shader 'Universal Render Pipeline/Particles/Lit': fallback shader 'Universal Render Pipeline/Particles/SimpleLit' not found
Refreshing native plugins compatible for Editor in 0.75 ms, found 2 plugins.
Preloading 0 native plugins for Editor in 0.00 ms.
Unloading 3139 Unused Serialized files (Serialized files now loaded: 0)
System memory in use before: 142.8 MB.
System memory in use after: 143.0 MB.

Unloading 32 unused Assets to reduce memory usage. Loaded Objects now: 3809.
Total: 2.457400 ms (FindLiveObjects: 0.356900 ms CreateObjectMapping: 0.206000 ms MarkObjects: 1.868400 ms  DeleteObjects: 0.024700 ms)

========================================================================
Received Import Request.
  Time since last request: 64.983510 seconds.
  path: Assets/Art/Shaders/PSX/Shaders/Fog.shader
  artifactKey: Guid(a64e8590867649e4aaad5c1e24175437) Importer(815301076,1909f56bfc062723c751e8b465ee728b)
Start importing Assets/Art/Shaders/PSX/Shaders/Fog.shader using Guid(a64e8590867649e4aaad5c1e24175437) Importer(815301076,1909f56bfc062723c751e8b465ee728b)  -> (artifact id: '44a2b8b75d1614290370b7f7420fa8e0') in 0.021319 seconds
  Import took 0.026436 seconds .

========================================================================
Received Prepare
Registering precompiled user dll's ...
Registered in 0.008219 seconds.
Begin MonoManager ReloadAssembly
Native extension for WindowsStandalone target not found
Native extension for OSXStandalone target not found
Refreshing native plugins compatible for Editor in 0.65 ms, found 2 plugins.
Preloading 0 native plugins for Editor in 0.00 ms.
Invoked RoslynAnalysisRunner static constructor.
RoslynAnalysisRunner will not be running.
RoslynAnalysisRunner has terminated.
Mono: successfully reloaded assembly
- Completed reload, in  1.069 seconds
Platform modules already initialized, skipping
Shader 'Universal Render Pipeline/Particles/Lit': fallback shader 'Universal Render Pipeline/Particles/SimpleLit' not found
Refreshing native plugins compatible for Editor in 0.69 ms, found 2 plugins.
Preloading 0 native plugins for Editor in 0.00 ms.
Unloading 3139 Unused Serialized files (Serialized files now loaded: 0)
System memory in use before: 142.8 MB.
System memory in use after: 143.1 MB.

Unloading 32 unused Assets to reduce memory usage. Loaded Objects now: 3816.
Total: 3.089100 ms (FindLiveObjects: 0.417600 ms CreateObjectMapping: 0.250200 ms MarkObjects: 2.370200 ms  DeleteObjects: 0.049300 ms)

========================================================================
Received Prepare
Registering precompiled user dll's ...
Registered in 0.006512 seconds.
Begin MonoManager ReloadAssembly
Native extension for WindowsStandalone target not found
Native extension for OSXStandalone target not found
Refreshing native plugins compatible for Editor in 0.69 ms, found 2 plugins.
Preloading 0 native plugins for Editor in 0.00 ms.
Invoked RoslynAnalysisRunner static constructor.
RoslynAnalysisRunner will not be running.
RoslynAnalysisRunner has terminated.
Mono: successfully reloaded assembly
- Completed reload, in  0.969 seconds
Platform modules already initialized, skipping
Shader 'Universal Render Pipeline/Particles/Lit': fallback shader 'Universal Render Pipeline/Particles/SimpleLit' not found
Refreshing native plugins compatible for Editor in 0.66 ms, found 2 plugins.
Preloading 0 native plugins for Editor in 0.00 ms.
Unloading 3139 Unused Serialized files (Serialized files now loaded: 0)
System memory in use before: 142.9 MB.
System memory in use after: 143.1 MB.

Unloading 32 unused Assets to reduce memory usage. Loaded Objects now: 3823.
Total: 3.121500 ms (FindLiveObjects: 0.332300 ms CreateObjectMapping: 0.189500 ms MarkObjects: 2.564500 ms  DeleteObjects: 0.033500 ms)

========================================================================
Received Prepare
Registering precompiled user dll's ...
Registered in 0.005576 seconds.
Begin MonoManager ReloadAssembly
Native extension for WindowsStandalone target not found
Native extension for OSXStandalone target not found
Refreshing native plugins compatible for Editor in 0.71 ms, found 1 plugins.
Preloading 0 native plugins for Editor in 0.00 ms.
Invoked RoslynAnalysisRunner static constructor.
RoslynAnalysisRunner will not be running.
RoslynAnalysisRunner has terminated.
Mono: successfully reloaded assembly
- Completed reload, in  0.992 seconds
Platform modules already initialized, skipping
Shader 'Universal Render Pipeline/Particles/Lit': fallback shader 'Universal Render Pipeline/Particles/SimpleLit' not found
Refreshing native plugins compatible for Editor in 1.51 ms, found 1 plugins.
Preloading 0 native plugins for Editor in 0.00 ms.
Unloading 3011 Unused Serialized files (Serialized files now loaded: 0)
System memory in use before: 140.3 MB.
System memory in use after: 140.5 MB.

Unloading 28 unused Assets to reduce memory usage. Loaded Objects now: 3836.
Total: 6.581800 ms (FindLiveObjects: 1.127500 ms CreateObjectMapping: 2.678700 ms MarkObjects: 2.752300 ms  DeleteObjects: 0.022300 ms)

========================================================================
Received Prepare
Registering precompiled user dll's ...
Registered in 0.007997 seconds.
Begin MonoManager ReloadAssembly
Native extension for WindowsStandalone target not found
Native extension for OSXStandalone target not found
Refreshing native plugins compatible for Editor in 0.78 ms, found 1 plugins.
Preloading 0 native plugins for Editor in 0.00 ms.
Invoked RoslynAnalysisRunner static constructor.
RoslynAnalysisRunner will not be running.
RoslynAnalysisRunner has terminated.
Mono: successfully reloaded assembly
- Completed reload, in  0.993 seconds
Platform modules already initialized, skipping
Shader 'Universal Render Pipeline/Particles/Lit': fallback shader 'Universal Render Pipeline/Particles/SimpleLit' not found
Refreshing native plugins compatible for Editor in 0.65 ms, found 1 plugins.
Preloading 0 native plugins for Editor in 0.00 ms.
Unloading 3011 Unused Serialized files (Serialized files now loaded: 0)
System memory in use before: 140.3 MB.
System memory in use after: 140.6 MB.

Unloading 28 unused Assets to reduce memory usage. Loaded Objects now: 3843.
Total: 2.514300 ms (FindLiveObjects: 0.336200 ms CreateObjectMapping: 0.182500 ms MarkObjects: 1.971400 ms  DeleteObjects: 0.022400 ms)

========================================================================
Received Prepare
Registering precompiled user dll's ...
Registered in 0.005734 seconds.
Begin MonoManager ReloadAssembly
Native extension for WindowsStandalone target not found
Native extension for OSXStandalone target not found
Refreshing native plugins compatible for Editor in 0.65 ms, found 1 plugins.
Preloading 0 native plugins for Editor in 0.00 ms.
Invoked RoslynAnalysisRunner static constructor.
RoslynAnalysisRunner will not be running.
RoslynAnalysisRunner has terminated.
Mono: successfully reloaded assembly
- Completed reload, in  0.945 seconds
Platform modules already initialized, skipping
Shader 'Universal Render Pipeline/Particles/Lit': fallback shader 'Universal Render Pipeline/Particles/SimpleLit' not found
Refreshing native plugins compatible for Editor in 0.62 ms, found 1 plugins.
Preloading 0 native plugins for Editor in 0.00 ms.
Unloading 3011 Unused Serialized files (Serialized files now loaded: 0)
System memory in use before: 140.4 MB.
System memory in use after: 140.6 MB.

Unloading 28 unused Assets to reduce memory usage. Loaded Objects now: 3850.
Total: 2.436700 ms (FindLiveObjects: 0.339700 ms CreateObjectMapping: 0.162000 ms MarkObjects: 1.911300 ms  DeleteObjects: 0.022700 ms)

========================================================================
Received Prepare
Registering precompiled user dll's ...
Registered in 0.005523 seconds.
Begin MonoManager ReloadAssembly
Native extension for WindowsStandalone target not found
Native extension for OSXStandalone target not found
Refreshing native plugins compatible for Editor in 0.64 ms, found 1 plugins.
Preloading 0 native plugins for Editor in 0.00 ms.
Invoked RoslynAnalysisRunner static constructor.
RoslynAnalysisRunner will not be running.
RoslynAnalysisRunner has terminated.
Mono: successfully reloaded assembly
- Completed reload, in  0.979 seconds
Platform modules already initialized, skipping
Shader 'Universal Render Pipeline/Particles/Lit': fallback shader 'Universal Render Pipeline/Particles/SimpleLit' not found
Refreshing native plugins compatible for Editor in 0.65 ms, found 1 plugins.
Preloading 0 native plugins for Editor in 0.00 ms.
Unloading 3011 Unused Serialized files (Serialized files now loaded: 0)
System memory in use before: 140.4 MB.
System memory in use after: 140.6 MB.

Unloading 28 unused Assets to reduce memory usage. Loaded Objects now: 3857.
Total: 2.665500 ms (FindLiveObjects: 0.358600 ms CreateObjectMapping: 0.220500 ms MarkObjects: 2.062900 ms  DeleteObjects: 0.022700 ms)

========================================================================
Received Prepare
Registering precompiled user dll's ...
Registered in 0.005369 seconds.
Begin MonoManager ReloadAssembly
Native extension for WindowsStandalone target not found
Native extension for OSXStandalone target not found
Refreshing native plugins compatible for Editor in 1.05 ms, found 1 plugins.
Preloading 0 native plugins for Editor in 0.00 ms.
Invoked RoslynAnalysisRunner static constructor.
RoslynAnalysisRunner will not be running.
RoslynAnalysisRunner has terminated.
Mono: successfully reloaded assembly
- Completed reload, in  1.076 seconds
Platform modules already initialized, skipping
Shader 'Universal Render Pipeline/Particles/Lit': fallback shader 'Universal Render Pipeline/Particles/SimpleLit' not found
Refreshing native plugins compatible for Editor in 0.65 ms, found 1 plugins.
Preloading 0 native plugins for Editor in 0.00 ms.
Unloading 3011 Unused Serialized files (Serialized files now loaded: 0)
System memory in use before: 140.4 MB.
System memory in use after: 140.6 MB.

Unloading 28 unused Assets to reduce memory usage. Loaded Objects now: 3864.
Total: 3.034200 ms (FindLiveObjects: 0.515000 ms CreateObjectMapping: 0.270100 ms MarkObjects: 2.221700 ms  DeleteObjects: 0.026200 ms)

========================================================================
Received Prepare
Registering precompiled user dll's ...
Registered in 0.006156 seconds.
Begin MonoManager ReloadAssembly
Native extension for WindowsStandalone target not found
Native extension for OSXStandalone target not found
Refreshing native plugins compatible for Editor in 0.63 ms, found 1 plugins.
Preloading 0 native plugins for Editor in 0.00 ms.
Invoked RoslynAnalysisRunner static constructor.
RoslynAnalysisRunner will not be running.
RoslynAnalysisRunner has terminated.
Mono: successfully reloaded assembly
- Completed reload, in  0.935 seconds
Platform modules already initialized, skipping
Shader 'Universal Render Pipeline/Particles/Lit': fallback shader 'Universal Render Pipeline/Particles/SimpleLit' not found
Refreshing native plugins compatible for Editor in 0.67 ms, found 1 plugins.
Preloading 0 native plugins for Editor in 0.00 ms.
Unloading 3011 Unused Serialized files (Serialized files now loaded: 0)
System memory in use before: 140.4 MB.
System memory in use after: 140.6 MB.

Unloading 28 unused Assets to reduce memory usage. Loaded Objects now: 3871.
Total: 2.473100 ms (FindLiveObjects: 0.398000 ms CreateObjectMapping: 0.185100 ms MarkObjects: 1.867500 ms  DeleteObjects: 0.021500 ms)

========================================================================
Received Prepare
Registering precompiled user dll's ...
Registered in 0.005741 seconds.
Begin MonoManager ReloadAssembly
Native extension for WindowsStandalone target not found
Native extension for OSXStandalone target not found
Refreshing native plugins compatible for Editor in 0.70 ms, found 1 plugins.
Preloading 0 native plugins for Editor in 0.00 ms.
Invoked RoslynAnalysisRunner static constructor.
RoslynAnalysisRunner will not be running.
RoslynAnalysisRunner has terminated.
Mono: successfully reloaded assembly
- Completed reload, in  1.028 seconds
Platform modules already initialized, skipping
Shader 'Universal Render Pipeline/Particles/Lit': fallback shader 'Universal Render Pipeline/Particles/SimpleLit' not found
Refreshing native plugins compatible for Editor in 0.73 ms, found 1 plugins.
Preloading 0 native plugins for Editor in 0.00 ms.
Unloading 3011 Unused Serialized files (Serialized files now loaded: 0)
System memory in use before: 140.4 MB.
System memory in use after: 140.6 MB.

Unloading 28 unused Assets to reduce memory usage. Loaded Objects now: 3878.
Total: 3.282800 ms (FindLiveObjects: 0.392100 ms CreateObjectMapping: 0.174300 ms MarkObjects: 2.693000 ms  DeleteObjects: 0.022000 ms)

========================================================================
Received Prepare
Registering precompiled user dll's ...
Registered in 0.007210 seconds.
Begin MonoManager ReloadAssembly
Native extension for WindowsStandalone target not found
Native extension for OSXStandalone target not found
Refreshing native plugins compatible for Editor in 0.70 ms, found 1 plugins.
Preloading 0 native plugins for Editor in 0.00 ms.
Invoked RoslynAnalysisRunner static constructor.
RoslynAnalysisRunner will not be running.
RoslynAnalysisRunner has terminated.
Mono: successfully reloaded assembly
- Completed reload, in  0.996 seconds
Platform modules already initialized, skipping
Shader 'Universal Render Pipeline/Particles/Lit': fallback shader 'Universal Render Pipeline/Particles/SimpleLit' not found
Refreshing native plugins compatible for Editor in 0.90 ms, found 1 plugins.
Preloading 0 native plugins for Editor in 0.00 ms.
Unloading 3011 Unused Serialized files (Serialized files now loaded: 0)
System memory in use before: 140.5 MB.
System memory in use after: 140.7 MB.

Unloading 28 unused Assets to reduce memory usage. Loaded Objects now: 3885.
Total: 4.331300 ms (FindLiveObjects: 0.749100 ms CreateObjectMapping: 0.606600 ms MarkObjects: 2.907800 ms  DeleteObjects: 0.022200 ms)

========================================================================
Received Prepare
Registering precompiled user dll's ...
Registered in 0.005548 seconds.
Begin MonoManager ReloadAssembly
Native extension for WindowsStandalone target not found
Native extension for OSXStandalone target not found
Refreshing native plugins compatible for Editor in 0.77 ms, found 1 plugins.
Preloading 0 native plugins for Editor in 0.00 ms.
Invoked RoslynAnalysisRunner static constructor.
RoslynAnalysisRunner will not be running.
RoslynAnalysisRunner has terminated.
Mono: successfully reloaded assembly
- Completed reload, in  1.051 seconds
Platform modules already initialized, skipping
Shader 'Universal Render Pipeline/Particles/Lit': fallback shader 'Universal Render Pipeline/Particles/SimpleLit' not found
Refreshing native plugins compatible for Editor in 0.68 ms, found 1 plugins.
Preloading 0 native plugins for Editor in 0.00 ms.
Unloading 3011 Unused Serialized files (Serialized files now loaded: 0)
System memory in use before: 140.5 MB.
System memory in use after: 140.7 MB.

Unloading 28 unused Assets to reduce memory usage. Loaded Objects now: 3892.
Total: 3.201200 ms (FindLiveObjects: 0.357100 ms CreateObjectMapping: 0.204600 ms MarkObjects: 2.608000 ms  DeleteObjects: 0.029800 ms)

========================================================================
Received Import Request.
  Time since last request: 908.890992 seconds.
  path: Assets/Art/Shaders/PSX/Shaders/URP_PSX_PBR_Master.shadergraph
  artifactKey: Guid(2b3b7d0b179748b449e12721ea4fcfa6) Importer(815301076,1909f56bfc062723c751e8b465ee728b)
Start importing Assets/Art/Shaders/PSX/Shaders/URP_PSX_PBR_Master.shadergraph using Guid(2b3b7d0b179748b449e12721ea4fcfa6) Importer(815301076,1909f56bfc062723c751e8b465ee728b)  -> (artifact id: 'e4c26ea35f1c244cdaf399bed691c780') in 0.025642 seconds
  Import took 0.031237 seconds .

========================================================================
Received Import Request.
  Time since last request: 582.967380 seconds.
  path: Assets/Art/Shaders/PSX/Shaders/URP_PSX_PBR_Master.shadergraph
  artifactKey: Guid(2b3b7d0b179748b449e12721ea4fcfa6) Importer(815301076,1909f56bfc062723c751e8b465ee728b)
Start importing Assets/Art/Shaders/PSX/Shaders/URP_PSX_PBR_Master.shadergraph using Guid(2b3b7d0b179748b449e12721ea4fcfa6) Importer(815301076,1909f56bfc062723c751e8b465ee728b)  -> (artifact id: '53a347dadf9aa85fdc1f3ecdf935f9fb') in 0.013130 seconds
  Import took 0.018849 seconds .

========================================================================
Received Prepare
Registering precompiled user dll's ...
Registered in 0.030659 seconds.
Begin MonoManager ReloadAssembly
Native extension for WindowsStandalone target not found
Native extension for OSXStandalone target not found
Refreshing native plugins compatible for Editor in 0.66 ms, found 1 plugins.
Preloading 0 native plugins for Editor in 0.00 ms.
Invoked RoslynAnalysisRunner static constructor.
RoslynAnalysisRunner will not be running.
RoslynAnalysisRunner has terminated.
Mono: successfully reloaded assembly
- Completed reload, in  0.965 seconds
Platform modules already initialized, skipping
Shader 'Universal Render Pipeline/Particles/Lit': fallback shader 'Universal Render Pipeline/Particles/SimpleLit' not found
Refreshing native plugins compatible for Editor in 0.69 ms, found 1 plugins.
Preloading 0 native plugins for Editor in 0.00 ms.
Unloading 3011 Unused Serialized files (Serialized files now loaded: 0)
System memory in use before: 140.5 MB.
System memory in use after: 140.7 MB.

Unloading 28 unused Assets to reduce memory usage. Loaded Objects now: 3899.
Total: 4.196300 ms (FindLiveObjects: 0.439200 ms CreateObjectMapping: 0.209700 ms MarkObjects: 3.521300 ms  DeleteObjects: 0.024400 ms)

========================================================================
Received Import Request.
  Time since last request: 68.771503 seconds.
  path: Assets/Art/Shaders/PSX/Shaders/URP_PSX_PBR_Master.shadergraph
  artifactKey: Guid(2b3b7d0b179748b449e12721ea4fcfa6) Importer(815301076,1909f56bfc062723c751e8b465ee728b)
Start importing Assets/Art/Shaders/PSX/Shaders/URP_PSX_PBR_Master.shadergraph using Guid(2b3b7d0b179748b449e12721ea4fcfa6) Importer(815301076,1909f56bfc062723c751e8b465ee728b)  -> (artifact id: '40538db215aa03eb944f1bbe2cab523b') in 0.017109 seconds
  Import took 0.022404 seconds .

========================================================================
Received Import Request.
  Time since last request: 50.670785 seconds.
  path: Assets/Art/Materials/Bookshelf.mat
  artifactKey: Guid(8528ea5b10550134c964054c69cb77d0) Importer(815301076,1909f56bfc062723c751e8b465ee728b)
Start importing Assets/Art/Materials/Bookshelf.mat using Guid(8528ea5b10550134c964054c69cb77d0) Importer(815301076,1909f56bfc062723c751e8b465ee728b)  -> (artifact id: '8398ac1b9040c7165dff01106bb9f2c4') in 0.156057 seconds
  Import took 0.172224 seconds .

========================================================================
Received Import Request.
  Time since last request: 0.000156 seconds.
  path: Assets/Art/Materials/Mug.mat
  artifactKey: Guid(50a5c82571278224a8e40099c8ca96e0) Importer(815301076,1909f56bfc062723c751e8b465ee728b)
Start importing Assets/Art/Materials/Mug.mat using Guid(50a5c82571278224a8e40099c8ca96e0) Importer(815301076,1909f56bfc062723c751e8b465ee728b)  -> (artifact id: '714fb56e759566ebadcfc11c87686374') in 0.040168 seconds
  Import took 0.045565 seconds .

========================================================================
Received Import Request.
  Time since last request: 0.000164 seconds.
  path: Assets/Art/Materials/Boss.mat
  artifactKey: Guid(a908c8b602802fe4b82601fa80ea1b12) Importer(815301076,1909f56bfc062723c751e8b465ee728b)
Start importing Assets/Art/Materials/Boss.mat using Guid(a908c8b602802fe4b82601fa80ea1b12) Importer(815301076,1909f56bfc062723c751e8b465ee728b)  -> (artifact id: '00d2c6746a3ae0f462edde4b089147be') in 0.023741 seconds
  Import took 0.029852 seconds .

========================================================================
Received Import Request.
  Time since last request: 0.000136 seconds.
  path: Assets/Art/Materials/Lit.mat
  artifactKey: Guid(3687e26dd39a02b41a18b36fc628ab44) Importer(815301076,1909f56bfc062723c751e8b465ee728b)
Start importing Assets/Art/Materials/Lit.mat using Guid(3687e26dd39a02b41a18b36fc628ab44) Importer(815301076,1909f56bfc062723c751e8b465ee728b)  -> (artifact id: '49b47d60e09e3d6aa138143151ebf50a') in 0.025543 seconds
  Import took 0.032357 seconds .

========================================================================
Received Import Request.
  Time since last request: 0.000188 seconds.
  path: Assets/Art/Materials/Boss Placarde 1.mat
  artifactKey: Guid(164068d4c9eee694da7c9e85126f152b) Importer(815301076,1909f56bfc062723c751e8b465ee728b)
Start importing Assets/Art/Materials/Boss Placarde 1.mat using Guid(164068d4c9eee694da7c9e85126f152b) Importer(815301076,1909f56bfc062723c751e8b465ee728b)  -> (artifact id: 'ecd8ef50c386ade63bafc4c19cbd2ff0') in 0.032237 seconds
  Import took 0.038448 seconds .

========================================================================
Received Import Request.
  Time since last request: 0.000129 seconds.
  path: Assets/Art/Materials/Chair.mat
  artifactKey: Guid(c940ee85b158bae4fac1ea7ce28cbd55) Importer(815301076,1909f56bfc062723c751e8b465ee728b)
Start importing Assets/Art/Materials/Chair.mat using Guid(c940ee85b158bae4fac1ea7ce28cbd55) Importer(815301076,1909f56bfc062723c751e8b465ee728b)  -> (artifact id: '50eb2e2f43ed08ef8ce71494cfc7bcad') in 0.022164 seconds
  Import took 0.027647 seconds .

========================================================================
Received Import Request.
  Time since last request: 0.000130 seconds.
  path: Assets/Art/Materials/M_ElecBox 1.mat
  artifactKey: Guid(871f2cd764dae8e4dadbede22f935db3) Importer(815301076,1909f56bfc062723c751e8b465ee728b)
Start importing Assets/Art/Materials/M_ElecBox 1.mat using Guid(871f2cd764dae8e4dadbede22f935db3) Importer(815301076,1909f56bfc062723c751e8b465ee728b)  -> (artifact id: '0748ca3218a06160e993dce8319a5545') in 0.025363 seconds
  Import took 0.031081 seconds .

========================================================================
Received Import Request.
  Time since last request: 0.000142 seconds.
  path: Assets/Art/Materials/Folding Table 3.mat
  artifactKey: Guid(e067a01f7fc93934699463b392de6839) Importer(815301076,1909f56bfc062723c751e8b465ee728b)
Start importing Assets/Art/Materials/Folding Table 3.mat using Guid(e067a01f7fc93934699463b392de6839) Importer(815301076,1909f56bfc062723c751e8b465ee728b)  -> (artifact id: 'a853093d296a8cc0c4a8955e4d0a4551') in 0.027175 seconds
  Import took 0.032485 seconds .

========================================================================
Received Import Request.
  Time since last request: 0.000128 seconds.
  path: Assets/Art/Materials/Cubicle.mat
  artifactKey: Guid(a46721aa6c2b2aa4481e758f93e9f759) Importer(815301076,1909f56bfc062723c751e8b465ee728b)
Start importing Assets/Art/Materials/Cubicle.mat using Guid(a46721aa6c2b2aa4481e758f93e9f759) Importer(815301076,1909f56bfc062723c751e8b465ee728b)  -> (artifact id: '7dc464a3dbd021c9f7d568916a100aee') in 0.033520 seconds
  Import took 0.038581 seconds .

========================================================================
Received Import Request.
  Time since last request: 0.000137 seconds.
  path: Assets/Art/Materials/Default.mat
  artifactKey: Guid(298268fa022c5704b85191e55afcc0bb) Importer(815301076,1909f56bfc062723c751e8b465ee728b)
Start importing Assets/Art/Materials/Default.mat using Guid(298268fa022c5704b85191e55afcc0bb) Importer(815301076,1909f56bfc062723c751e8b465ee728b)  -> (artifact id: '83292ec0759d4b2ed4cd9b8fb725ab41') in 0.048247 seconds
  Import took 0.053586 seconds .

========================================================================
Received Import Request.
  Time since last request: 0.000141 seconds.
  path: Assets/Art/Materials/Folding Table 2.mat
  artifactKey: Guid(43267e8cece7da74d907060f3983b16f) Importer(815301076,1909f56bfc062723c751e8b465ee728b)
Start importing Assets/Art/Materials/Folding Table 2.mat using Guid(43267e8cece7da74d907060f3983b16f) Importer(815301076,1909f56bfc062723c751e8b465ee728b)  -> (artifact id: '40d69e7d00f5cd4a6160792bf0c825d9') in 0.028168 seconds
  Import took 0.032887 seconds .

========================================================================
Received Import Request.
  Time since last request: 0.000142 seconds.
  path: Assets/Art/Materials/Jingyi.mat
  artifactKey: Guid(ebe376e442d57254495876b9e33ffdc5) Importer(815301076,1909f56bfc062723c751e8b465ee728b)
Start importing Assets/Art/Materials/Jingyi.mat using Guid(ebe376e442d57254495876b9e33ffdc5) Importer(815301076,1909f56bfc062723c751e8b465ee728b)  -> (artifact id: 'f2bbde81da624f38703b4f32577ad59c') in 0.020134 seconds
  Import took 0.025330 seconds .

========================================================================
Received Import Request.
  Time since last request: 0.000161 seconds.
  path: Assets/Art/Materials/FramedDollar.mat
  artifactKey: Guid(3d5f7d445175214458f70e1ba0896ee0) Importer(815301076,1909f56bfc062723c751e8b465ee728b)
Start importing Assets/Art/Materials/FramedDollar.mat using Guid(3d5f7d445175214458f70e1ba0896ee0) Importer(815301076,1909f56bfc062723c751e8b465ee728b)  -> (artifact id: 'cc7131f6cd0f765c0342ae77c659809f') in 0.026364 seconds
  Import took 0.031354 seconds .

========================================================================
Received Import Request.
  Time since last request: 0.000134 seconds.
  path: Assets/Art/Materials/Boss Placarde.mat
  artifactKey: Guid(5d74f56a13f6fda4bab809c8381eef25) Importer(815301076,1909f56bfc062723c751e8b465ee728b)
Start importing Assets/Art/Materials/Boss Placarde.mat using Guid(5d74f56a13f6fda4bab809c8381eef25) Importer(815301076,1909f56bfc062723c751e8b465ee728b)  -> (artifact id: '057a3be571e0574c7c3163fed526e78a') in 0.020456 seconds
  Import took 0.025758 seconds .

========================================================================
Received Import Request.
  Time since last request: 0.000163 seconds.
  path: Assets/Art/Materials/BusinessChart.mat
  artifactKey: Guid(eedae861eb1d07244b5914dd1290dd7a) Importer(815301076,1909f56bfc062723c751e8b465ee728b)
Start importing Assets/Art/Materials/BusinessChart.mat using Guid(eedae861eb1d07244b5914dd1290dd7a) Importer(815301076,1909f56bfc062723c751e8b465ee728b)  -> (artifact id: 'ccab3440517da5c17cf0927c4d6bf872') in 0.020259 seconds
  Import took 0.025187 seconds .

========================================================================
Received Import Request.
  Time since last request: 0.000151 seconds.
  path: Assets/Art/Materials/Custom_InvertText.mat
  artifactKey: Guid(d5d05adc188176446aea6825e5e2ec3f) Importer(815301076,1909f56bfc062723c751e8b465ee728b)
Start importing Assets/Art/Materials/Custom_InvertText.mat using Guid(d5d05adc188176446aea6825e5e2ec3f) Importer(815301076,1909f56bfc062723c751e8b465ee728b)  -> (artifact id: '16033ee03c05593ba537e54b5c1c8c0b') in 0.029740 seconds
  Import took 0.035568 seconds .

========================================================================
Received Import Request.
  Time since last request: 0.000151 seconds.
  path: Assets/Art/Materials/M_ElecBox.mat
  artifactKey: Guid(cf930807bcb36d24385015e88c354471) Importer(815301076,1909f56bfc062723c751e8b465ee728b)
Start importing Assets/Art/Materials/M_ElecBox.mat using Guid(cf930807bcb36d24385015e88c354471) Importer(815301076,1909f56bfc062723c751e8b465ee728b)  -> (artifact id: '5d48bb2c9e2d8233e8791b5bb70da084') in 0.021099 seconds
  Import took 0.026131 seconds .

========================================================================
Received Import Request.
  Time since last request: 0.000228 seconds.
  path: Assets/Art/Materials/Folding Table 1.mat
  artifactKey: Guid(923a733cc6ad41f489a17ed18d38f785) Importer(815301076,1909f56bfc062723c751e8b465ee728b)
Start importing Assets/Art/Materials/Folding Table 1.mat using Guid(923a733cc6ad41f489a17ed18d38f785) Importer(815301076,1909f56bfc062723c751e8b465ee728b)  -> (artifact id: '1794973fa21ab60da9f80a11ca45bd84') in 0.020455 seconds
  Import took 0.025595 seconds .

========================================================================
Received Import Request.
  Time since last request: 0.003445 seconds.
  path: Assets/Art/Materials/Folding Table 1.mat
  artifactKey: Guid(923a733cc6ad41f489a17ed18d38f785) Importer(815301076,1909f56bfc062723c751e8b465ee728b)
Start importing Assets/Art/Materials/Folding Table 1.mat using Guid(923a733cc6ad41f489a17ed18d38f785) Importer(815301076,1909f56bfc062723c751e8b465ee728b)  -> (artifact id: '1794973fa21ab60da9f80a11ca45bd84') in 0.016346 seconds
  Import took 0.023095 seconds .

========================================================================
Received Import Request.
  Time since last request: 1.307525 seconds.
  path: Assets/Art/Materials/Office Chair.mat
  artifactKey: Guid(65d3ed535244f3e478cba1be0b9e90a7) Importer(815301076,1909f56bfc062723c751e8b465ee728b)
Start importing Assets/Art/Materials/Office Chair.mat using Guid(65d3ed535244f3e478cba1be0b9e90a7) Importer(815301076,1909f56bfc062723c751e8b465ee728b)  -> (artifact id: 'ba7672f2ab3a82da6b68cf7e7bdc59b9') in 0.019420 seconds
  Import took 0.027689 seconds .

========================================================================
Received Import Request.
  Time since last request: 0.000224 seconds.
  path: Assets/Art/Materials/Office Worker 1.mat
  artifactKey: Guid(5d6ac193c0919ce4eb459e97c0196aca) Importer(815301076,1909f56bfc062723c751e8b465ee728b)
Start importing Assets/Art/Materials/Office Worker 1.mat using Guid(5d6ac193c0919ce4eb459e97c0196aca) Importer(815301076,1909f56bfc062723c751e8b465ee728b)  -> (artifact id: '8c0d11f79d1013e426fe50c1c033eb2d') in 0.034918 seconds
  Import took 0.043839 seconds .

========================================================================
Received Import Request.
  Time since last request: 0.000040 seconds.
  path: Assets/Art/Materials/Office.mat
  artifactKey: Guid(ddb78b9fa09d76b459db3e04744725c5) Importer(815301076,1909f56bfc062723c751e8b465ee728b)
Start importing Assets/Art/Materials/Office.mat using Guid(ddb78b9fa09d76b459db3e04744725c5) Importer(815301076,1909f56bfc062723c751e8b465ee728b)  -> (artifact id: 'c6a245faecfd4c9120aa954d25eeee42') in 0.075820 seconds
  Import took 0.082494 seconds .

========================================================================
Received Import Request.
  Time since last request: 0.000236 seconds.
  path: Assets/Art/Materials/Office Worker 2.mat
  artifactKey: Guid(ba88541915fbcce4e8c3e439516fcfc1) Importer(815301076,1909f56bfc062723c751e8b465ee728b)
Start importing Assets/Art/Materials/Office Worker 2.mat using Guid(ba88541915fbcce4e8c3e439516fcfc1) Importer(815301076,1909f56bfc062723c751e8b465ee728b)  -> (artifact id: 'b948666cde64036b8d03764651383ecd') in 0.037041 seconds
  Import took 0.041439 seconds .

========================================================================
Received Import Request.
  Time since last request: 0.000131 seconds.
  path: Assets/Art/Materials/OfficeFloor2.mat
  artifactKey: Guid(153413388d908bf4ea9670d232597b78) Importer(815301076,1909f56bfc062723c751e8b465ee728b)
Start importing Assets/Art/Materials/OfficeFloor2.mat using Guid(153413388d908bf4ea9670d232597b78) Importer(815301076,1909f56bfc062723c751e8b465ee728b)  -> (artifact id: '493cc75566f19e46857c1ad5abac0b72') in 0.030757 seconds
  Import took 0.035518 seconds .

========================================================================
Received Import Request.
  Time since last request: 0.000136 seconds.
  path: Assets/Art/Materials/OfficeFloor1.mat
  artifactKey: Guid(00a3527db7a7b4543b5ea34c06b08690) Importer(815301076,1909f56bfc062723c751e8b465ee728b)
Start importing Assets/Art/Materials/OfficeFloor1.mat using Guid(00a3527db7a7b4543b5ea34c06b08690) Importer(815301076,1909f56bfc062723c751e8b465ee728b)  -> (artifact id: 'ef50b533f2f56a8a6fbc37a5a4df5bd4') in 0.028786 seconds
  Import took 0.034960 seconds .

========================================================================
Received Import Request.
  Time since last request: 0.311519 seconds.
  path: Assets/Art/Materials/OfficeFloor3.mat
  artifactKey: Guid(0c78a4a53a0edd243be94d7e32701ca1) Importer(815301076,1909f56bfc062723c751e8b465ee728b)
Start importing Assets/Art/Materials/OfficeFloor3.mat using Guid(0c78a4a53a0edd243be94d7e32701ca1) Importer(815301076,1909f56bfc062723c751e8b465ee728b)  -> (artifact id: 'e44c6452dcf282137d57191c0dabee86') in 0.019703 seconds
  Import took 0.025040 seconds .

========================================================================
Received Import Request.
  Time since last request: 0.000274 seconds.
  path: Assets/Art/Materials/Poster2.mat
  artifactKey: Guid(707e0fae6860b004689100656a169878) Importer(815301076,1909f56bfc062723c751e8b465ee728b)
Start importing Assets/Art/Materials/Poster2.mat using Guid(707e0fae6860b004689100656a169878) Importer(815301076,1909f56bfc062723c751e8b465ee728b)  -> (artifact id: '204fb0b55d7a974b5641d78654cf2d0b') in 0.032320 seconds
  Import took 0.036949 seconds .

========================================================================
Received Import Request.
  Time since last request: 0.000202 seconds.
  path: Assets/Art/Materials/Poster1.mat
  artifactKey: Guid(10ff252f8ece83547ac87fc4c805e60a) Importer(815301076,1909f56bfc062723c751e8b465ee728b)
Start importing Assets/Art/Materials/Poster1.mat using Guid(10ff252f8ece83547ac87fc4c805e60a) Importer(815301076,1909f56bfc062723c751e8b465ee728b)  -> (artifact id: 'ea2f0cdc02d9bfa091995a5177497b59') in 0.038043 seconds
  Import took 0.044432 seconds .

========================================================================
Received Import Request.
  Time since last request: 0.000156 seconds.
  path: Assets/Art/Materials/Player.mat
  artifactKey: Guid(b5c606a489a07c748a818f5f0ff65277) Importer(815301076,1909f56bfc062723c751e8b465ee728b)
Start importing Assets/Art/Materials/Player.mat using Guid(b5c606a489a07c748a818f5f0ff65277) Importer(815301076,1909f56bfc062723c751e8b465ee728b)  -> (artifact id: '249cb49b5d9bbc78830e3a1ec3e7497b') in 0.023577 seconds
  Import took 0.030245 seconds .

========================================================================
Received Import Request.
  Time since last request: 0.000145 seconds.
  path: Assets/Art/Materials/Papers.mat
  artifactKey: Guid(9cab701c72080f0429697672ad36fc28) Importer(815301076,1909f56bfc062723c751e8b465ee728b)
Start importing Assets/Art/Materials/Papers.mat using Guid(9cab701c72080f0429697672ad36fc28) Importer(815301076,1909f56bfc062723c751e8b465ee728b)  -> (artifact id: 'cbc49db26daba55bbfcfe67fbaadc7f2') in 0.025794 seconds
  Import took 0.033270 seconds .

========================================================================
Received Import Request.
  Time since last request: 0.000160 seconds.
  path: Assets/Art/Materials/OfficeWall.mat
  artifactKey: Guid(f2b533448c7e5d743831e186667debd0) Importer(815301076,1909f56bfc062723c751e8b465ee728b)
Start importing Assets/Art/Materials/OfficeWall.mat using Guid(f2b533448c7e5d743831e186667debd0) Importer(815301076,1909f56bfc062723c751e8b465ee728b)  -> (artifact id: 'b1cdaf411beff00d17116ac6f5204eee') in 0.042907 seconds
  Import took 0.050016 seconds .

========================================================================
Received Import Request.
  Time since last request: 0.486452 seconds.
  path: Assets/Art/Materials/PottedPlant.mat
  artifactKey: Guid(3ebeb5d93503dcf4bbeaadb2fce9214f) Importer(815301076,1909f56bfc062723c751e8b465ee728b)
Start importing Assets/Art/Materials/PottedPlant.mat using Guid(3ebeb5d93503dcf4bbeaadb2fce9214f) Importer(815301076,1909f56bfc062723c751e8b465ee728b)  -> (artifact id: '5181e0eaa3de2437de5fb0c1f4cdd54f') in 0.015030 seconds
  Import took 0.020734 seconds .

========================================================================
Received Import Request.
  Time since last request: 0.000962 seconds.
  path: Assets/Art/Materials/StochasticTerrain.mat
  artifactKey: Guid(4e31cc48a4213d7468d3e9917afae352) Importer(815301076,1909f56bfc062723c751e8b465ee728b)
Start importing Assets/Art/Materials/StochasticTerrain.mat using Guid(4e31cc48a4213d7468d3e9917afae352) Importer(815301076,1909f56bfc062723c751e8b465ee728b)  -> (artifact id: '55924f09e22aae5e66013aebf86831df') in 0.035233 seconds
  Import took 0.040817 seconds .

========================================================================
Received Import Request.
  Time since last request: 0.000142 seconds.
  path: Assets/Art/Materials/Stapler.mat
  artifactKey: Guid(bbe3afddff0589f46875b22152292689) Importer(815301076,1909f56bfc062723c751e8b465ee728b)
Start importing Assets/Art/Materials/Stapler.mat using Guid(bbe3afddff0589f46875b22152292689) Importer(815301076,1909f56bfc062723c751e8b465ee728b)  -> (artifact id: '734db04e11845bc7b3e64012b750b4ef') in 0.024890 seconds
  Import took 0.029936 seconds .

========================================================================
Received Import Request.
  Time since last request: 0.000163 seconds.
  path: Assets/Art/Materials/SodaCan.mat
  artifactKey: Guid(9f843be7685a66e4ba62a85e2fdf6ed4) Importer(815301076,1909f56bfc062723c751e8b465ee728b)
Start importing Assets/Art/Materials/SodaCan.mat using Guid(9f843be7685a66e4ba62a85e2fdf6ed4) Importer(815301076,1909f56bfc062723c751e8b465ee728b)  -> (artifact id: 'ebafc4362da65ac2e9093eb37c9085c6') in 0.019284 seconds
  Import took 0.024469 seconds .

========================================================================
Received Import Request.
  Time since last request: 0.000156 seconds.
  path: Assets/Art/Materials/PSXTerrain.mat
  artifactKey: Guid(61170ef20ea3d6a41a542e692365779d) Importer(815301076,1909f56bfc062723c751e8b465ee728b)
Start importing Assets/Art/Materials/PSXTerrain.mat using Guid(61170ef20ea3d6a41a542e692365779d) Importer(815301076,1909f56bfc062723c751e8b465ee728b)  -> (artifact id: '64eef0167ec4f7e4a43ef7f0d519bc56') in 0.486677 seconds
  Import took 0.492510 seconds .

========================================================================
Received Import Request.
  Time since last request: 0.314700 seconds.
  path: Assets/Art/Materials/Table Large.mat
  artifactKey: Guid(47f6b0faccbb4324c82700f2db1bcb34) Importer(815301076,1909f56bfc062723c751e8b465ee728b)
Start importing Assets/Art/Materials/Table Large.mat using Guid(47f6b0faccbb4324c82700f2db1bcb34) Importer(815301076,1909f56bfc062723c751e8b465ee728b)  -> (artifact id: 'ab903d016fb4fc0a2854a1d42d80e76c') in 0.026605 seconds
  Import took 0.033938 seconds .

========================================================================
Received Import Request.
  Time since last request: 0.000043 seconds.
  path: Assets/Art/Materials/Typewriter.mat
  artifactKey: Guid(599130924c0864149a7c6676156f92fb) Importer(815301076,1909f56bfc062723c751e8b465ee728b)
Start importing Assets/Art/Materials/Typewriter.mat using Guid(599130924c0864149a7c6676156f92fb) Importer(815301076,1909f56bfc062723c751e8b465ee728b)  -> (artifact id: '1b5e24ddefc7db2c3cfe8aa8ccbee7cb') in 0.028321 seconds
  Import took 0.033093 seconds .

========================================================================
Received Import Request.
  Time since last request: 0.000143 seconds.
  path: Assets/Art/Materials/Window 2.mat
  artifactKey: Guid(91ef817e20ad8434c881fab61ab81212) Importer(815301076,1909f56bfc062723c751e8b465ee728b)
Start importing Assets/Art/Materials/Window 2.mat using Guid(91ef817e20ad8434c881fab61ab81212) Importer(815301076,1909f56bfc062723c751e8b465ee728b)  -> (artifact id: '715c044f9c09af8ec3edef472317fc6a') in 0.030349 seconds
  Import took 0.035340 seconds .

========================================================================
Received Import Request.
  Time since last request: 0.000141 seconds.
  path: Assets/Art/Materials/Turnstile.mat
  artifactKey: Guid(cd04f3e9042813f45b1c2271042e0919) Importer(815301076,1909f56bfc062723c751e8b465ee728b)
Start importing Assets/Art/Materials/Turnstile.mat using Guid(cd04f3e9042813f45b1c2271042e0919) Importer(815301076,1909f56bfc062723c751e8b465ee728b)  -> (artifact id: '39a40d30bc38775cb2887471685093c0') in 0.047885 seconds
  Import took 0.053214 seconds .

========================================================================
Received Import Request.
  Time since last request: 0.000035 seconds.
  path: Assets/Art/Materials/Window 1.mat
  artifactKey: Guid(6d53fdfbcbb3d0e43a96106f87de90e6) Importer(815301076,1909f56bfc062723c751e8b465ee728b)
Start importing Assets/Art/Materials/Window 1.mat using Guid(6d53fdfbcbb3d0e43a96106f87de90e6) Importer(815301076,1909f56bfc062723c751e8b465ee728b)  -> (artifact id: '35517cf5f8a21caee5ad6bd7216c23af') in 0.053655 seconds
  Import took 0.061802 seconds .

========================================================================
Received Prepare
Registering precompiled user dll's ...
Registered in 0.007188 seconds.
Begin MonoManager ReloadAssembly
Native extension for WindowsStandalone target not found
Native extension for OSXStandalone target not found
Refreshing native plugins compatible for Editor in 0.74 ms, found 1 plugins.
Preloading 0 native plugins for Editor in 0.00 ms.
Invoked RoslynAnalysisRunner static constructor.
RoslynAnalysisRunner will not be running.
RoslynAnalysisRunner has terminated.
Mono: successfully reloaded assembly
- Completed reload, in  1.201 seconds
Platform modules already initialized, skipping
Shader 'Universal Render Pipeline/Particles/Lit': fallback shader 'Universal Render Pipeline/Particles/SimpleLit' not found
Refreshing native plugins compatible for Editor in 0.78 ms, found 1 plugins.
Preloading 0 native plugins for Editor in 0.00 ms.
Unloading 3011 Unused Serialized files (Serialized files now loaded: 0)
System memory in use before: 140.8 MB.
System memory in use after: 141.0 MB.

Unloading 28 unused Assets to reduce memory usage. Loaded Objects now: 3950.
Total: 3.487800 ms (FindLiveObjects: 0.352500 ms CreateObjectMapping: 0.182100 ms MarkObjects: 2.928600 ms  DeleteObjects: 0.022800 ms)

========================================================================
Received Prepare
Registering precompiled user dll's ...
Registered in 0.009966 seconds.
Begin MonoManager ReloadAssembly
Native extension for WindowsStandalone target not found
Native extension for OSXStandalone target not found
Refreshing native plugins compatible for Editor in 0.63 ms, found 1 plugins.
Preloading 0 native plugins for Editor in 0.00 ms.
Invoked RoslynAnalysisRunner static constructor.
RoslynAnalysisRunner will not be running.
RoslynAnalysisRunner has terminated.
Mono: successfully reloaded assembly
- Completed reload, in  1.014 seconds
Platform modules already initialized, skipping
Shader 'Universal Render Pipeline/Particles/Lit': fallback shader 'Universal Render Pipeline/Particles/SimpleLit' not found
Refreshing native plugins compatible for Editor in 0.61 ms, found 1 plugins.
Preloading 0 native plugins for Editor in 0.00 ms.
Unloading 3011 Unused Serialized files (Serialized files now loaded: 0)
System memory in use before: 140.8 MB.
System memory in use after: 141.1 MB.

Unloading 28 unused Assets to reduce memory usage. Loaded Objects now: 3957.
Total: 2.816700 ms (FindLiveObjects: 0.343200 ms CreateObjectMapping: 0.163600 ms MarkObjects: 2.282000 ms  DeleteObjects: 0.026800 ms)

========================================================================
Received Import Request.
  Time since last request: 151.206727 seconds.
  path: Assets/Art/Materials/Player.mat
  artifactKey: Guid(b5c606a489a07c748a818f5f0ff65277) Importer(815301076,1909f56bfc062723c751e8b465ee728b)
Start importing Assets/Art/Materials/Player.mat using Guid(b5c606a489a07c748a818f5f0ff65277) Importer(815301076,1909f56bfc062723c751e8b465ee728b)  -> (artifact id: 'afff3b2adefc2e0d2086289b8334c145') in 0.231194 seconds
  Import took 0.238266 seconds .

========================================================================
Received Import Request.
  Time since last request: 2.855962 seconds.
  path: Assets/Art/Materials/Player.mat
  artifactKey: Guid(b5c606a489a07c748a818f5f0ff65277) Importer(815301076,1909f56bfc062723c751e8b465ee728b)
Start importing Assets/Art/Materials/Player.mat using Guid(b5c606a489a07c748a818f5f0ff65277) Importer(815301076,1909f56bfc062723c751e8b465ee728b)  -> (artifact id: 'afff3b2adefc2e0d2086289b8334c145') in 0.032822 seconds
  Import took 0.037606 seconds .

========================================================================
Received Prepare
Registering precompiled user dll's ...
Registered in 0.005288 seconds.
Begin MonoManager ReloadAssembly
Native extension for WindowsStandalone target not found
Native extension for OSXStandalone target not found
Refreshing native plugins compatible for Editor in 1.00 ms, found 1 plugins.
Preloading 0 native plugins for Editor in 0.00 ms.
Invoked RoslynAnalysisRunner static constructor.
RoslynAnalysisRunner will not be running.
RoslynAnalysisRunner has terminated.
Mono: successfully reloaded assembly
- Completed reload, in  1.769 seconds
Platform modules already initialized, skipping
Shader 'Universal Render Pipeline/Particles/Lit': fallback shader 'Universal Render Pipeline/Particles/SimpleLit' not found
Refreshing native plugins compatible for Editor in 1.92 ms, found 1 plugins.
Preloading 0 native plugins for Editor in 0.00 ms.
Unloading 3011 Unused Serialized files (Serialized files now loaded: 0)
System memory in use before: 141.1 MB.
System memory in use after: 141.3 MB.

Unloading 28 unused Assets to reduce memory usage. Loaded Objects now: 4008.
Total: 6.062900 ms (FindLiveObjects: 0.788400 ms CreateObjectMapping: 0.409800 ms MarkObjects: 4.839500 ms  DeleteObjects: 0.023900 ms)

========================================================================
Received Prepare
Registering precompiled user dll's ...
Registered in 0.005700 seconds.
Begin MonoManager ReloadAssembly
Native extension for WindowsStandalone target not found
Native extension for OSXStandalone target not found
Refreshing native plugins compatible for Editor in 0.61 ms, found 1 plugins.
Preloading 0 native plugins for Editor in 0.00 ms.
Invoked RoslynAnalysisRunner static constructor.
RoslynAnalysisRunner will not be running.
RoslynAnalysisRunner has terminated.
Mono: successfully reloaded assembly
- Completed reload, in  1.232 seconds
Platform modules already initialized, skipping
Shader 'Universal Render Pipeline/Particles/Lit': fallback shader 'Universal Render Pipeline/Particles/SimpleLit' not found
Refreshing native plugins compatible for Editor in 1.48 ms, found 1 plugins.
Preloading 0 native plugins for Editor in 0.00 ms.
Unloading 3011 Unused Serialized files (Serialized files now loaded: 0)
System memory in use before: 141.1 MB.
System memory in use after: 141.3 MB.

Unloading 28 unused Assets to reduce memory usage. Loaded Objects now: 4015.
Total: 14.206100 ms (FindLiveObjects: 2.355800 ms CreateObjectMapping: 3.268800 ms MarkObjects: 8.551700 ms  DeleteObjects: 0.028600 ms)

========================================================================
Received Prepare
Registering precompiled user dll's ...
Registered in 0.006456 seconds.
Begin MonoManager ReloadAssembly
Native extension for WindowsStandalone target not found
Native extension for OSXStandalone target not found
Refreshing native plugins compatible for Editor in 0.66 ms, found 1 plugins.
Preloading 0 native plugins for Editor in 0.00 ms.
Invoked RoslynAnalysisRunner static constructor.
RoslynAnalysisRunner will not be running.
RoslynAnalysisRunner has terminated.
Mono: successfully reloaded assembly
- Completed reload, in  1.472 seconds
Platform modules already initialized, skipping
Shader 'Universal Render Pipeline/Particles/Lit': fallback shader 'Universal Render Pipeline/Particles/SimpleLit' not found
Refreshing native plugins compatible for Editor in 0.63 ms, found 1 plugins.
Preloading 0 native plugins for Editor in 0.00 ms.
Unloading 3011 Unused Serialized files (Serialized files now loaded: 0)
System memory in use before: 141.1 MB.
System memory in use after: 141.3 MB.

Unloading 28 unused Assets to reduce memory usage. Loaded Objects now: 4022.
Total: 3.464000 ms (FindLiveObjects: 0.388500 ms CreateObjectMapping: 0.183000 ms MarkObjects: 2.867500 ms  DeleteObjects: 0.023500 ms)

========================================================================
Received Import Request.
  Time since last request: 81.743189 seconds.
  path: Assets/Art/Materials/Player.mat
  artifactKey: Guid(b5c606a489a07c748a818f5f0ff65277) Importer(815301076,1909f56bfc062723c751e8b465ee728b)
Start importing Assets/Art/Materials/Player.mat using Guid(b5c606a489a07c748a818f5f0ff65277) Importer(815301076,1909f56bfc062723c751e8b465ee728b)  -> (artifact id: '3fa5f512d7291e913c1d50f5ba5a8bd3') in 0.144260 seconds
  Import took 0.150269 seconds .

